2022-09-27 18:44:03.851  INFO 16044 --- [restartedMain] com.example.book.BookApplication         : Starting BookApplication using Java 17.0.4.1 on DESKTOP-CUO7CEV with PID 16044 (C:\Users\hp\IdeaProjects\Book\target\classes started by hp in C:\Users\hp\IdeaProjects\Book)
2022-09-27 18:44:03.856  INFO 16044 --- [restartedMain] com.example.book.BookApplication         : The following 1 profile is active: "dev"
2022-09-27 18:44:03.905  INFO 16044 --- [restartedMain] .e.DevToolsPropertyDefaultsPostProcessor : Devtools property defaults active! Set 'spring.devtools.add-properties' to 'false' to disable
2022-09-27 18:44:03.905  INFO 16044 --- [restartedMain] .e.DevToolsPropertyDefaultsPostProcessor : For additional web related logging consider setting the 'logging.level.web' property to 'DEBUG'
2022-09-27 18:44:04.680  INFO 16044 --- [restartedMain] .s.d.r.c.RepositoryConfigurationDelegate : Bootstrapping Spring Data JPA repositories in DEFAULT mode.
2022-09-27 18:44:04.791  INFO 16044 --- [restartedMain] .s.d.r.c.RepositoryConfigurationDelegate : Finished Spring Data repository scanning in 104 ms. Found 1 JPA repository interfaces.
2022-09-27 18:44:05.024  INFO 16044 --- [restartedMain] o.s.cloud.context.scope.GenericScope     : BeanFactory id=86d3d8f9-2e4f-32ed-a4a4-67849190cf72
2022-09-27 18:44:05.574  INFO 16044 --- [restartedMain] o.s.b.w.embedded.tomcat.TomcatWebServer  : Tomcat initialized with port(s): 8082 (http)
2022-09-27 18:44:05.583  INFO 16044 --- [restartedMain] o.apache.catalina.core.StandardService   : Starting service [Tomcat]
2022-09-27 18:44:05.584  INFO 16044 --- [restartedMain] org.apache.catalina.core.StandardEngine  : Starting Servlet engine: [Apache Tomcat/9.0.65]
2022-09-27 18:44:05.668  INFO 16044 --- [restartedMain] o.a.c.c.C.[Tomcat].[localhost].[/]       : Initializing Spring embedded WebApplicationContext
2022-09-27 18:44:05.668  INFO 16044 --- [restartedMain] w.s.c.ServletWebServerApplicationContext : Root WebApplicationContext: initialization completed in 1762 ms
2022-09-27 18:44:05.780  INFO 16044 --- [restartedMain] o.hibernate.jpa.internal.util.LogHelper  : HHH000204: Processing PersistenceUnitInfo [name: default]
2022-09-27 18:44:05.824  INFO 16044 --- [restartedMain] org.hibernate.Version                    : HHH000412: Hibernate ORM core version 5.6.10.Final
2022-09-27 18:44:05.945  INFO 16044 --- [restartedMain] o.hibernate.annotations.common.Version   : HCANN000001: Hibernate Commons Annotations {5.1.2.Final}
2022-09-27 18:44:06.020  INFO 16044 --- [restartedMain] com.zaxxer.hikari.HikariDataSource       : HikariPool-1 - Starting...
2022-09-27 18:44:06.237  INFO 16044 --- [restartedMain] com.zaxxer.hikari.HikariDataSource       : HikariPool-1 - Start completed.
2022-09-27 18:44:06.264  INFO 16044 --- [restartedMain] org.hibernate.dialect.Dialect            : HHH000400: Using dialect: org.hibernate.dialect.MySQL8Dialect
2022-09-27 18:44:06.841  INFO 16044 --- [restartedMain] o.h.e.t.j.p.i.JtaPlatformInitiator       : HHH000490: Using JtaPlatform implementation: [org.hibernate.engine.transaction.jta.platform.internal.NoJtaPlatform]
2022-09-27 18:44:06.849  INFO 16044 --- [restartedMain] j.LocalContainerEntityManagerFactoryBean : Initialized JPA EntityManagerFactory for persistence unit 'default'
2022-09-27 18:44:07.154  WARN 16044 --- [restartedMain] JpaBaseConfiguration$JpaWebConfiguration : spring.jpa.open-in-view is enabled by default. Therefore, database queries may be performed during view rendering. Explicitly configure spring.jpa.open-in-view to disable this warning
2022-09-27 18:44:07.389  WARN 16044 --- [restartedMain] ion$DefaultTemplateResolverConfiguration : Cannot find template location: classpath:/templates/ (please add some templates or check your Thymeleaf configuration)
2022-09-27 18:44:07.516  INFO 16044 --- [restartedMain] o.s.b.d.a.OptionalLiveReloadServer       : LiveReload server is running on port 35729
2022-09-27 18:44:07.641  INFO 16044 --- [restartedMain] DiscoveryClientOptionalArgsConfiguration : Eureka HTTP Client uses RestTemplate.
2022-09-27 18:44:07.809  WARN 16044 --- [restartedMain] iguration$LoadBalancerCaffeineWarnLogger : Spring Cloud LoadBalancer is currently working with the default cache. While this cache implementation is useful for development and tests, it's recommended to use Caffeine cache in production.You can switch to using Caffeine cache, by adding it and org.springframework.cache.caffeine.CaffeineCacheManager to the classpath.
2022-09-27 18:44:07.873  INFO 16044 --- [restartedMain] o.s.c.n.eureka.InstanceInfoFactory       : Setting initial instance status as: STARTING
2022-09-27 18:44:07.905  INFO 16044 --- [restartedMain] com.netflix.discovery.DiscoveryClient    : Initializing Eureka in region us-east-1
2022-09-27 18:44:07.910  INFO 16044 --- [restartedMain] c.n.d.s.r.aws.ConfigClusterResolver      : Resolving eureka endpoints via configuration
2022-09-27 18:44:07.927  INFO 16044 --- [restartedMain] com.netflix.discovery.DiscoveryClient    : Disable delta property : false
2022-09-27 18:44:07.929  INFO 16044 --- [restartedMain] com.netflix.discovery.DiscoveryClient    : Single vip registry refresh property : null
2022-09-27 18:44:07.929  INFO 16044 --- [restartedMain] com.netflix.discovery.DiscoveryClient    : Force full registry fetch : false
2022-09-27 18:44:07.929  INFO 16044 --- [restartedMain] com.netflix.discovery.DiscoveryClient    : Application is null : false
2022-09-27 18:44:07.929  INFO 16044 --- [restartedMain] com.netflix.discovery.DiscoveryClient    : Registered Applications size is zero : true
2022-09-27 18:44:07.929  INFO 16044 --- [restartedMain] com.netflix.discovery.DiscoveryClient    : Application version is -1: true
2022-09-27 18:44:07.929  INFO 16044 --- [restartedMain] com.netflix.discovery.DiscoveryClient    : Getting all instance registry info from the eureka server
2022-09-27 18:44:08.175  INFO 16044 --- [restartedMain] com.netflix.discovery.DiscoveryClient    : The response status is 200
2022-09-27 18:44:08.177  INFO 16044 --- [restartedMain] com.netflix.discovery.DiscoveryClient    : Starting heartbeat executor: renew interval is: 30
2022-09-27 18:44:08.180  INFO 16044 --- [restartedMain] c.n.discovery.InstanceInfoReplicator     : InstanceInfoReplicator onDemand update allowed rate per min is 4
2022-09-27 18:44:08.184  INFO 16044 --- [restartedMain] com.netflix.discovery.DiscoveryClient    : Discovery Client initialized at timestamp 1664284448183 with initial instances count: 0
2022-09-27 18:44:08.186  INFO 16044 --- [restartedMain] o.s.c.n.e.s.EurekaServiceRegistry        : Registering application BOOK with eureka with status UP
2022-09-27 18:44:08.187  INFO 16044 --- [restartedMain] com.netflix.discovery.DiscoveryClient    : Saw local status change event StatusChangeEvent [timestamp=1664284448186, current=UP, previous=STARTING]
2022-09-27 18:44:08.188  INFO 16044 --- [DiscoveryClient-InstanceInfoReplicator-0] com.netflix.discovery.DiscoveryClient    : DiscoveryClient_BOOK/host.docker.internal:Book:8082: registering service...
2022-09-27 18:44:08.209  INFO 16044 --- [restartedMain] o.s.b.w.embedded.tomcat.TomcatWebServer  : Tomcat started on port(s): 8082 (http) with context path ''
2022-09-27 18:44:08.210  INFO 16044 --- [restartedMain] .s.c.n.e.s.EurekaAutoServiceRegistration : Updating port to 8082
2022-09-27 18:44:08.234  INFO 16044 --- [DiscoveryClient-InstanceInfoReplicator-0] com.netflix.discovery.DiscoveryClient    : DiscoveryClient_BOOK/host.docker.internal:Book:8082 - registration status: 204
2022-09-27 18:44:08.295  INFO 16044 --- [restartedMain] com.example.book.BookApplication         : Started BookApplication in 4.958 seconds (JVM running for 5.614)
2022-09-27 18:44:08.299  INFO 16044 --- [restartedMain] com.example.book.BookApplication         : !!!.............Hello Logger...........!!!
2022-09-27 18:44:38.184  INFO 16044 --- [DiscoveryClient-CacheRefreshExecutor-0] com.netflix.discovery.DiscoveryClient    : Disable delta property : false
2022-09-27 18:44:38.184  INFO 16044 --- [DiscoveryClient-CacheRefreshExecutor-0] com.netflix.discovery.DiscoveryClient    : Single vip registry refresh property : null
2022-09-27 18:44:38.184  INFO 16044 --- [DiscoveryClient-CacheRefreshExecutor-0] com.netflix.discovery.DiscoveryClient    : Force full registry fetch : false
2022-09-27 18:44:38.184  INFO 16044 --- [DiscoveryClient-CacheRefreshExecutor-0] com.netflix.discovery.DiscoveryClient    : Application is null : false
2022-09-27 18:44:38.184  INFO 16044 --- [DiscoveryClient-CacheRefreshExecutor-0] com.netflix.discovery.DiscoveryClient    : Registered Applications size is zero : true
2022-09-27 18:44:38.184  INFO 16044 --- [DiscoveryClient-CacheRefreshExecutor-0] com.netflix.discovery.DiscoveryClient    : Application version is -1: false
2022-09-27 18:44:38.184  INFO 16044 --- [DiscoveryClient-CacheRefreshExecutor-0] com.netflix.discovery.DiscoveryClient    : Getting all instance registry info from the eureka server
2022-09-27 18:44:38.199  INFO 16044 --- [DiscoveryClient-CacheRefreshExecutor-0] com.netflix.discovery.DiscoveryClient    : The response status is 200
2022-09-27 18:44:48.295  INFO 16044 --- [http-nio-8082-exec-4] o.a.c.c.C.[Tomcat].[localhost].[/]       : Initializing Spring DispatcherServlet 'dispatcherServlet'
2022-09-27 18:44:48.295  INFO 16044 --- [http-nio-8082-exec-4] o.s.web.servlet.DispatcherServlet        : Initializing Servlet 'dispatcherServlet'
2022-09-27 18:44:48.295  INFO 16044 --- [http-nio-8082-exec-4] o.s.web.servlet.DispatcherServlet        : Completed initialization in 0 ms
2022-09-27 18:45:14.938  INFO 16044 --- [SpringApplicationShutdownHook] o.s.c.n.e.s.EurekaServiceRegistry        : Unregistering application BOOK with eureka with status DOWN
2022-09-27 18:45:14.939  INFO 16044 --- [SpringApplicationShutdownHook] com.netflix.discovery.DiscoveryClient    : Saw local status change event StatusChangeEvent [timestamp=1664284514939, current=DOWN, previous=UP]
2022-09-27 18:45:14.939  INFO 16044 --- [DiscoveryClient-InstanceInfoReplicator-0] com.netflix.discovery.DiscoveryClient    : DiscoveryClient_BOOK/host.docker.internal:Book:8082: registering service...
2022-09-27 18:45:14.944  INFO 16044 --- [DiscoveryClient-InstanceInfoReplicator-0] com.netflix.discovery.DiscoveryClient    : DiscoveryClient_BOOK/host.docker.internal:Book:8082 - registration status: 204
2022-09-27 18:45:14.983  INFO 16044 --- [SpringApplicationShutdownHook] j.LocalContainerEntityManagerFactoryBean : Closing JPA EntityManagerFactory for persistence unit 'default'
2022-09-27 18:45:14.986  INFO 16044 --- [SpringApplicationShutdownHook] com.zaxxer.hikari.HikariDataSource       : HikariPool-1 - Shutdown initiated...
2022-09-27 18:45:14.996  INFO 16044 --- [SpringApplicationShutdownHook] com.zaxxer.hikari.HikariDataSource       : HikariPool-1 - Shutdown completed.
2022-09-27 18:45:14.997  INFO 16044 --- [SpringApplicationShutdownHook] com.netflix.discovery.DiscoveryClient    : Shutting down DiscoveryClient ...
2022-09-27 18:45:18.014  INFO 16044 --- [SpringApplicationShutdownHook] com.netflix.discovery.DiscoveryClient    : Unregistering ...
2022-09-27 18:45:18.020  INFO 16044 --- [SpringApplicationShutdownHook] com.netflix.discovery.DiscoveryClient    : DiscoveryClient_BOOK/host.docker.internal:Book:8082 - deregister  status: 200
2022-09-27 18:45:18.023  INFO 16044 --- [SpringApplicationShutdownHook] com.netflix.discovery.DiscoveryClient    : Completed shut down of DiscoveryClient
2022-09-27 18:52:44.196  INFO 6928 --- [restartedMain] com.example.book.BookApplication         : Starting BookApplication using Java 17.0.4.1 on DESKTOP-CUO7CEV with PID 6928 (C:\Users\hp\IdeaProjects\Book\target\classes started by hp in C:\Users\hp\IdeaProjects\Book)
2022-09-27 18:52:44.198  INFO 6928 --- [restartedMain] com.example.book.BookApplication         : The following 1 profile is active: "dev"
2022-09-27 18:52:44.242  INFO 6928 --- [restartedMain] .e.DevToolsPropertyDefaultsPostProcessor : Devtools property defaults active! Set 'spring.devtools.add-properties' to 'false' to disable
2022-09-27 18:52:44.242  INFO 6928 --- [restartedMain] .e.DevToolsPropertyDefaultsPostProcessor : For additional web related logging consider setting the 'logging.level.web' property to 'DEBUG'
2022-09-27 18:52:44.894  INFO 6928 --- [restartedMain] .s.d.r.c.RepositoryConfigurationDelegate : Bootstrapping Spring Data JPA repositories in DEFAULT mode.
2022-09-27 18:52:45.028  INFO 6928 --- [restartedMain] .s.d.r.c.RepositoryConfigurationDelegate : Finished Spring Data repository scanning in 129 ms. Found 1 JPA repository interfaces.
2022-09-27 18:52:45.232  INFO 6928 --- [restartedMain] o.s.cloud.context.scope.GenericScope     : BeanFactory id=86d3d8f9-2e4f-32ed-a4a4-67849190cf72
2022-09-27 18:52:45.803  INFO 6928 --- [restartedMain] o.s.b.w.embedded.tomcat.TomcatWebServer  : Tomcat initialized with port(s): 8082 (http)
2022-09-27 18:52:45.810  INFO 6928 --- [restartedMain] o.apache.catalina.core.StandardService   : Starting service [Tomcat]
2022-09-27 18:52:45.811  INFO 6928 --- [restartedMain] org.apache.catalina.core.StandardEngine  : Starting Servlet engine: [Apache Tomcat/9.0.65]
2022-09-27 18:52:45.886  INFO 6928 --- [restartedMain] o.a.c.c.C.[Tomcat].[localhost].[/]       : Initializing Spring embedded WebApplicationContext
2022-09-27 18:52:45.886  INFO 6928 --- [restartedMain] w.s.c.ServletWebServerApplicationContext : Root WebApplicationContext: initialization completed in 1643 ms
2022-09-27 18:52:46.031  INFO 6928 --- [restartedMain] o.hibernate.jpa.internal.util.LogHelper  : HHH000204: Processing PersistenceUnitInfo [name: default]
2022-09-27 18:52:46.071  INFO 6928 --- [restartedMain] org.hibernate.Version                    : HHH000412: Hibernate ORM core version 5.6.10.Final
2022-09-27 18:52:46.190  INFO 6928 --- [restartedMain] o.hibernate.annotations.common.Version   : HCANN000001: Hibernate Commons Annotations {5.1.2.Final}
2022-09-27 18:52:46.269  INFO 6928 --- [restartedMain] com.zaxxer.hikari.HikariDataSource       : HikariPool-1 - Starting...
2022-09-27 18:52:46.496  INFO 6928 --- [restartedMain] com.zaxxer.hikari.HikariDataSource       : HikariPool-1 - Start completed.
2022-09-27 18:52:46.519  INFO 6928 --- [restartedMain] org.hibernate.dialect.Dialect            : HHH000400: Using dialect: org.hibernate.dialect.MySQL8Dialect
2022-09-27 18:52:47.015  INFO 6928 --- [restartedMain] o.h.e.t.j.p.i.JtaPlatformInitiator       : HHH000490: Using JtaPlatform implementation: [org.hibernate.engine.transaction.jta.platform.internal.NoJtaPlatform]
2022-09-27 18:52:47.022  INFO 6928 --- [restartedMain] j.LocalContainerEntityManagerFactoryBean : Initialized JPA EntityManagerFactory for persistence unit 'default'
2022-09-27 18:52:47.344  WARN 6928 --- [restartedMain] JpaBaseConfiguration$JpaWebConfiguration : spring.jpa.open-in-view is enabled by default. Therefore, database queries may be performed during view rendering. Explicitly configure spring.jpa.open-in-view to disable this warning
2022-09-27 18:52:47.572  WARN 6928 --- [restartedMain] ion$DefaultTemplateResolverConfiguration : Cannot find template location: classpath:/templates/ (please add some templates or check your Thymeleaf configuration)
2022-09-27 18:52:47.697  INFO 6928 --- [restartedMain] o.s.b.d.a.OptionalLiveReloadServer       : LiveReload server is running on port 35729
2022-09-27 18:52:47.799  INFO 6928 --- [restartedMain] DiscoveryClientOptionalArgsConfiguration : Eureka HTTP Client uses RestTemplate.
2022-09-27 18:52:47.931  WARN 6928 --- [restartedMain] iguration$LoadBalancerCaffeineWarnLogger : Spring Cloud LoadBalancer is currently working with the default cache. While this cache implementation is useful for development and tests, it's recommended to use Caffeine cache in production.You can switch to using Caffeine cache, by adding it and org.springframework.cache.caffeine.CaffeineCacheManager to the classpath.
2022-09-27 18:52:47.987  INFO 6928 --- [restartedMain] o.s.c.n.eureka.InstanceInfoFactory       : Setting initial instance status as: STARTING
2022-09-27 18:52:48.015  INFO 6928 --- [restartedMain] com.netflix.discovery.DiscoveryClient    : Initializing Eureka in region us-east-1
2022-09-27 18:52:48.021  INFO 6928 --- [restartedMain] c.n.d.s.r.aws.ConfigClusterResolver      : Resolving eureka endpoints via configuration
2022-09-27 18:52:48.040  INFO 6928 --- [restartedMain] com.netflix.discovery.DiscoveryClient    : Disable delta property : false
2022-09-27 18:52:48.040  INFO 6928 --- [restartedMain] com.netflix.discovery.DiscoveryClient    : Single vip registry refresh property : null
2022-09-27 18:52:48.040  INFO 6928 --- [restartedMain] com.netflix.discovery.DiscoveryClient    : Force full registry fetch : false
2022-09-27 18:52:48.040  INFO 6928 --- [restartedMain] com.netflix.discovery.DiscoveryClient    : Application is null : false
2022-09-27 18:52:48.041  INFO 6928 --- [restartedMain] com.netflix.discovery.DiscoveryClient    : Registered Applications size is zero : true
2022-09-27 18:52:48.041  INFO 6928 --- [restartedMain] com.netflix.discovery.DiscoveryClient    : Application version is -1: true
2022-09-27 18:52:48.041  INFO 6928 --- [restartedMain] com.netflix.discovery.DiscoveryClient    : Getting all instance registry info from the eureka server
2022-09-27 18:52:48.253  INFO 6928 --- [restartedMain] com.netflix.discovery.DiscoveryClient    : The response status is 200
2022-09-27 18:52:48.255  INFO 6928 --- [restartedMain] com.netflix.discovery.DiscoveryClient    : Starting heartbeat executor: renew interval is: 30
2022-09-27 18:52:48.257  INFO 6928 --- [restartedMain] c.n.discovery.InstanceInfoReplicator     : InstanceInfoReplicator onDemand update allowed rate per min is 4
2022-09-27 18:52:48.262  INFO 6928 --- [restartedMain] com.netflix.discovery.DiscoveryClient    : Discovery Client initialized at timestamp 1664284968261 with initial instances count: 0
2022-09-27 18:52:48.265  INFO 6928 --- [restartedMain] o.s.c.n.e.s.EurekaServiceRegistry        : Registering application BOOK with eureka with status UP
2022-09-27 18:52:48.265  INFO 6928 --- [restartedMain] com.netflix.discovery.DiscoveryClient    : Saw local status change event StatusChangeEvent [timestamp=1664284968265, current=UP, previous=STARTING]
2022-09-27 18:52:48.268  INFO 6928 --- [DiscoveryClient-InstanceInfoReplicator-0] com.netflix.discovery.DiscoveryClient    : DiscoveryClient_BOOK/host.docker.internal:Book:8082: registering service...
2022-09-27 18:52:48.291  INFO 6928 --- [restartedMain] o.s.b.w.embedded.tomcat.TomcatWebServer  : Tomcat started on port(s): 8082 (http) with context path ''
2022-09-27 18:52:48.292  INFO 6928 --- [restartedMain] .s.c.n.e.s.EurekaAutoServiceRegistration : Updating port to 8082
2022-09-27 18:52:48.309  INFO 6928 --- [DiscoveryClient-InstanceInfoReplicator-0] com.netflix.discovery.DiscoveryClient    : DiscoveryClient_BOOK/host.docker.internal:Book:8082 - registration status: 204
2022-09-27 18:52:48.360  INFO 6928 --- [restartedMain] com.example.book.BookApplication         : Started BookApplication in 4.622 seconds (JVM running for 5.308)
2022-09-27 18:52:48.363  INFO 6928 --- [restartedMain] com.example.book.BookApplication         : !!!.............Hello Logger...........!!!
2022-09-27 18:52:52.750  INFO 6928 --- [http-nio-8082-exec-2] o.a.c.c.C.[Tomcat].[localhost].[/]       : Initializing Spring DispatcherServlet 'dispatcherServlet'
2022-09-27 18:52:52.750  INFO 6928 --- [http-nio-8082-exec-2] o.s.web.servlet.DispatcherServlet        : Initializing Servlet 'dispatcherServlet'
2022-09-27 18:52:52.752  INFO 6928 --- [http-nio-8082-exec-2] o.s.web.servlet.DispatcherServlet        : Completed initialization in 1 ms
2022-09-27 18:53:18.262  INFO 6928 --- [DiscoveryClient-CacheRefreshExecutor-0] com.netflix.discovery.DiscoveryClient    : Disable delta property : false
2022-09-27 18:53:18.263  INFO 6928 --- [DiscoveryClient-CacheRefreshExecutor-0] com.netflix.discovery.DiscoveryClient    : Single vip registry refresh property : null
2022-09-27 18:53:18.264  INFO 6928 --- [DiscoveryClient-CacheRefreshExecutor-0] com.netflix.discovery.DiscoveryClient    : Force full registry fetch : false
2022-09-27 18:53:18.264  INFO 6928 --- [DiscoveryClient-CacheRefreshExecutor-0] com.netflix.discovery.DiscoveryClient    : Application is null : false
2022-09-27 18:53:18.265  INFO 6928 --- [DiscoveryClient-CacheRefreshExecutor-0] com.netflix.discovery.DiscoveryClient    : Registered Applications size is zero : true
2022-09-27 18:53:18.265  INFO 6928 --- [DiscoveryClient-CacheRefreshExecutor-0] com.netflix.discovery.DiscoveryClient    : Application version is -1: false
2022-09-27 18:53:18.265  INFO 6928 --- [DiscoveryClient-CacheRefreshExecutor-0] com.netflix.discovery.DiscoveryClient    : Getting all instance registry info from the eureka server
2022-09-27 18:53:18.279  INFO 6928 --- [DiscoveryClient-CacheRefreshExecutor-0] com.netflix.discovery.DiscoveryClient    : The response status is 200
2022-09-27 18:53:34.705  INFO 6928 --- [SpringApplicationShutdownHook] o.s.c.n.e.s.EurekaServiceRegistry        : Unregistering application BOOK with eureka with status DOWN
2022-09-27 18:53:34.706  INFO 6928 --- [SpringApplicationShutdownHook] com.netflix.discovery.DiscoveryClient    : Saw local status change event StatusChangeEvent [timestamp=1664285014706, current=DOWN, previous=UP]
2022-09-27 18:53:34.706  INFO 6928 --- [DiscoveryClient-InstanceInfoReplicator-0] com.netflix.discovery.DiscoveryClient    : DiscoveryClient_BOOK/host.docker.internal:Book:8082: registering service...
2022-09-27 18:53:34.711  INFO 6928 --- [DiscoveryClient-InstanceInfoReplicator-0] com.netflix.discovery.DiscoveryClient    : DiscoveryClient_BOOK/host.docker.internal:Book:8082 - registration status: 204
2022-09-27 18:53:34.726  INFO 6928 --- [SpringApplicationShutdownHook] j.LocalContainerEntityManagerFactoryBean : Closing JPA EntityManagerFactory for persistence unit 'default'
2022-09-27 18:53:34.728  INFO 6928 --- [SpringApplicationShutdownHook] com.zaxxer.hikari.HikariDataSource       : HikariPool-1 - Shutdown initiated...
2022-09-27 18:53:34.735  INFO 6928 --- [SpringApplicationShutdownHook] com.zaxxer.hikari.HikariDataSource       : HikariPool-1 - Shutdown completed.
2022-09-27 18:53:34.736  INFO 6928 --- [SpringApplicationShutdownHook] com.netflix.discovery.DiscoveryClient    : Shutting down DiscoveryClient ...
2022-09-27 18:53:37.745  INFO 6928 --- [SpringApplicationShutdownHook] com.netflix.discovery.DiscoveryClient    : Unregistering ...
2022-09-27 18:53:37.753  INFO 6928 --- [SpringApplicationShutdownHook] com.netflix.discovery.DiscoveryClient    : DiscoveryClient_BOOK/host.docker.internal:Book:8082 - deregister  status: 200
2022-09-27 18:53:37.760  INFO 6928 --- [SpringApplicationShutdownHook] com.netflix.discovery.DiscoveryClient    : Completed shut down of DiscoveryClient
2022-09-27 19:01:54.733  INFO 6520 --- [restartedMain] com.example.book.BookApplication         : Starting BookApplication using Java 17.0.4.1 on DESKTOP-CUO7CEV with PID 6520 (C:\Users\hp\IdeaProjects\Book\target\classes started by hp in C:\Users\hp\IdeaProjects\Book)
2022-09-27 19:01:54.735  INFO 6520 --- [restartedMain] com.example.book.BookApplication         : The following 1 profile is active: "dev"
2022-09-27 19:01:54.783  INFO 6520 --- [restartedMain] .e.DevToolsPropertyDefaultsPostProcessor : Devtools property defaults active! Set 'spring.devtools.add-properties' to 'false' to disable
2022-09-27 19:01:54.784  INFO 6520 --- [restartedMain] .e.DevToolsPropertyDefaultsPostProcessor : For additional web related logging consider setting the 'logging.level.web' property to 'DEBUG'
2022-09-27 19:01:55.513  INFO 6520 --- [restartedMain] .s.d.r.c.RepositoryConfigurationDelegate : Bootstrapping Spring Data JPA repositories in DEFAULT mode.
2022-09-27 19:01:55.644  INFO 6520 --- [restartedMain] .s.d.r.c.RepositoryConfigurationDelegate : Finished Spring Data repository scanning in 122 ms. Found 1 JPA repository interfaces.
2022-09-27 19:01:55.883  INFO 6520 --- [restartedMain] o.s.cloud.context.scope.GenericScope     : BeanFactory id=86d3d8f9-2e4f-32ed-a4a4-67849190cf72
2022-09-27 19:01:56.494  INFO 6520 --- [restartedMain] o.s.b.w.embedded.tomcat.TomcatWebServer  : Tomcat initialized with port(s): 8082 (http)
2022-09-27 19:01:56.502  INFO 6520 --- [restartedMain] o.apache.catalina.core.StandardService   : Starting service [Tomcat]
2022-09-27 19:01:56.503  INFO 6520 --- [restartedMain] org.apache.catalina.core.StandardEngine  : Starting Servlet engine: [Apache Tomcat/9.0.65]
2022-09-27 19:01:56.578  INFO 6520 --- [restartedMain] o.a.c.c.C.[Tomcat].[localhost].[/]       : Initializing Spring embedded WebApplicationContext
2022-09-27 19:01:56.578  INFO 6520 --- [restartedMain] w.s.c.ServletWebServerApplicationContext : Root WebApplicationContext: initialization completed in 1794 ms
2022-09-27 19:01:56.762  INFO 6520 --- [restartedMain] o.hibernate.jpa.internal.util.LogHelper  : HHH000204: Processing PersistenceUnitInfo [name: default]
2022-09-27 19:01:56.805  INFO 6520 --- [restartedMain] org.hibernate.Version                    : HHH000412: Hibernate ORM core version 5.6.10.Final
2022-09-27 19:01:56.989  INFO 6520 --- [restartedMain] o.hibernate.annotations.common.Version   : HCANN000001: Hibernate Commons Annotations {5.1.2.Final}
2022-09-27 19:01:57.101  INFO 6520 --- [restartedMain] com.zaxxer.hikari.HikariDataSource       : HikariPool-1 - Starting...
2022-09-27 19:01:57.464  INFO 6520 --- [restartedMain] com.zaxxer.hikari.HikariDataSource       : HikariPool-1 - Start completed.
2022-09-27 19:01:57.505  INFO 6520 --- [restartedMain] org.hibernate.dialect.Dialect            : HHH000400: Using dialect: org.hibernate.dialect.MySQL8Dialect
2022-09-27 19:01:58.283  INFO 6520 --- [restartedMain] o.h.e.t.j.p.i.JtaPlatformInitiator       : HHH000490: Using JtaPlatform implementation: [org.hibernate.engine.transaction.jta.platform.internal.NoJtaPlatform]
2022-09-27 19:01:58.297  INFO 6520 --- [restartedMain] j.LocalContainerEntityManagerFactoryBean : Initialized JPA EntityManagerFactory for persistence unit 'default'
2022-09-27 19:01:58.882  WARN 6520 --- [restartedMain] JpaBaseConfiguration$JpaWebConfiguration : spring.jpa.open-in-view is enabled by default. Therefore, database queries may be performed during view rendering. Explicitly configure spring.jpa.open-in-view to disable this warning
2022-09-27 19:01:59.235  WARN 6520 --- [restartedMain] ion$DefaultTemplateResolverConfiguration : Cannot find template location: classpath:/templates/ (please add some templates or check your Thymeleaf configuration)
2022-09-27 19:01:59.419  WARN 6520 --- [restartedMain] o.s.b.d.a.OptionalLiveReloadServer       : Unable to start LiveReload server
2022-09-27 19:01:59.588  INFO 6520 --- [restartedMain] DiscoveryClientOptionalArgsConfiguration : Eureka HTTP Client uses RestTemplate.
2022-09-27 19:01:59.783  WARN 6520 --- [restartedMain] iguration$LoadBalancerCaffeineWarnLogger : Spring Cloud LoadBalancer is currently working with the default cache. While this cache implementation is useful for development and tests, it's recommended to use Caffeine cache in production.You can switch to using Caffeine cache, by adding it and org.springframework.cache.caffeine.CaffeineCacheManager to the classpath.
2022-09-27 19:01:59.871  INFO 6520 --- [restartedMain] o.s.c.n.eureka.InstanceInfoFactory       : Setting initial instance status as: STARTING
2022-09-27 19:01:59.908  INFO 6520 --- [restartedMain] com.netflix.discovery.DiscoveryClient    : Initializing Eureka in region us-east-1
2022-09-27 19:01:59.914  INFO 6520 --- [restartedMain] c.n.d.s.r.aws.ConfigClusterResolver      : Resolving eureka endpoints via configuration
2022-09-27 19:01:59.943  INFO 6520 --- [restartedMain] com.netflix.discovery.DiscoveryClient    : Disable delta property : false
2022-09-27 19:01:59.944  INFO 6520 --- [restartedMain] com.netflix.discovery.DiscoveryClient    : Single vip registry refresh property : null
2022-09-27 19:01:59.944  INFO 6520 --- [restartedMain] com.netflix.discovery.DiscoveryClient    : Force full registry fetch : false
2022-09-27 19:01:59.944  INFO 6520 --- [restartedMain] com.netflix.discovery.DiscoveryClient    : Application is null : false
2022-09-27 19:01:59.944  INFO 6520 --- [restartedMain] com.netflix.discovery.DiscoveryClient    : Registered Applications size is zero : true
2022-09-27 19:01:59.944  INFO 6520 --- [restartedMain] com.netflix.discovery.DiscoveryClient    : Application version is -1: true
2022-09-27 19:01:59.944  INFO 6520 --- [restartedMain] com.netflix.discovery.DiscoveryClient    : Getting all instance registry info from the eureka server
2022-09-27 19:02:00.291  INFO 6520 --- [restartedMain] com.netflix.discovery.DiscoveryClient    : The response status is 200
2022-09-27 19:02:00.296  INFO 6520 --- [restartedMain] com.netflix.discovery.DiscoveryClient    : Starting heartbeat executor: renew interval is: 30
2022-09-27 19:02:00.300  INFO 6520 --- [restartedMain] c.n.discovery.InstanceInfoReplicator     : InstanceInfoReplicator onDemand update allowed rate per min is 4
2022-09-27 19:02:00.306  INFO 6520 --- [restartedMain] com.netflix.discovery.DiscoveryClient    : Discovery Client initialized at timestamp 1664285520305 with initial instances count: 1
2022-09-27 19:02:00.310  INFO 6520 --- [restartedMain] o.s.c.n.e.s.EurekaServiceRegistry        : Registering application BOOK with eureka with status UP
2022-09-27 19:02:00.312  INFO 6520 --- [restartedMain] com.netflix.discovery.DiscoveryClient    : Saw local status change event StatusChangeEvent [timestamp=1664285520312, current=UP, previous=STARTING]
2022-09-27 19:02:00.313  INFO 6520 --- [DiscoveryClient-InstanceInfoReplicator-0] com.netflix.discovery.DiscoveryClient    : DiscoveryClient_BOOK/host.docker.internal:Book:8082: registering service...
2022-09-27 19:02:00.339  INFO 6520 --- [restartedMain] o.s.b.w.embedded.tomcat.TomcatWebServer  : Tomcat started on port(s): 8082 (http) with context path ''
2022-09-27 19:02:00.340  INFO 6520 --- [restartedMain] .s.c.n.e.s.EurekaAutoServiceRegistration : Updating port to 8082
2022-09-27 19:02:00.356  INFO 6520 --- [DiscoveryClient-InstanceInfoReplicator-0] com.netflix.discovery.DiscoveryClient    : DiscoveryClient_BOOK/host.docker.internal:Book:8082 - registration status: 204
2022-09-27 19:02:00.427  INFO 6520 --- [restartedMain] com.example.book.BookApplication         : Started BookApplication in 6.217 seconds (JVM running for 6.912)
2022-09-27 19:02:00.432  INFO 6520 --- [restartedMain] com.example.book.BookApplication         : !!!.............Hello Logger...........!!!
2022-09-27 19:06:59.958  INFO 6520 --- [AsyncResolver-bootstrap-executor-0] c.n.d.s.r.aws.ConfigClusterResolver      : Resolving eureka endpoints via configuration
2022-09-27 19:07:47.835  INFO 6520 --- [SpringApplicationShutdownHook] o.s.c.n.e.s.EurekaServiceRegistry        : Unregistering application BOOK with eureka with status DOWN
2022-09-27 19:07:47.836  INFO 6520 --- [SpringApplicationShutdownHook] com.netflix.discovery.DiscoveryClient    : Saw local status change event StatusChangeEvent [timestamp=1664285867836, current=DOWN, previous=UP]
2022-09-27 19:07:47.837  INFO 6520 --- [DiscoveryClient-InstanceInfoReplicator-0] com.netflix.discovery.DiscoveryClient    : DiscoveryClient_BOOK/host.docker.internal:Book:8082: registering service...
2022-09-27 19:07:47.841  INFO 6520 --- [DiscoveryClient-InstanceInfoReplicator-0] com.netflix.discovery.DiscoveryClient    : DiscoveryClient_BOOK/host.docker.internal:Book:8082 - registration status: 204
2022-09-27 19:07:47.860  INFO 6520 --- [SpringApplicationShutdownHook] j.LocalContainerEntityManagerFactoryBean : Closing JPA EntityManagerFactory for persistence unit 'default'
2022-09-27 19:07:47.864  INFO 6520 --- [SpringApplicationShutdownHook] com.zaxxer.hikari.HikariDataSource       : HikariPool-1 - Shutdown initiated...
2022-09-27 19:07:47.872  INFO 6520 --- [SpringApplicationShutdownHook] com.zaxxer.hikari.HikariDataSource       : HikariPool-1 - Shutdown completed.
2022-09-27 19:07:47.872  INFO 6520 --- [SpringApplicationShutdownHook] com.netflix.discovery.DiscoveryClient    : Shutting down DiscoveryClient ...
2022-09-27 19:07:50.883  INFO 6520 --- [SpringApplicationShutdownHook] com.netflix.discovery.DiscoveryClient    : Unregistering ...
2022-09-27 19:07:50.888  INFO 6520 --- [SpringApplicationShutdownHook] com.netflix.discovery.DiscoveryClient    : DiscoveryClient_BOOK/host.docker.internal:Book:8082 - deregister  status: 200
2022-09-27 19:07:50.892  INFO 6520 --- [SpringApplicationShutdownHook] com.netflix.discovery.DiscoveryClient    : Completed shut down of DiscoveryClient
